Synthetic package output (package:flutter_gen) is deprecated: https://flutter.dev/to/flutter-gen-deprecation. In a future release, synthetic-package will default to `false` and will later be removed entirely.
Launching lib\main.dart on Seeker in debug mode...
Running Gradle task 'assembleDebug'...                          
[ZEGO][PLUGIN] Download native dependency
[ZEGO][PLUGIN] Native version: 3.20.0.43543
[ZEGO][PLUGIN] The specified version SDK already exists!
lib/features/chat/screens/chat_list_screen.dart:201:13: Error: No named parameter with the name 'onPressed'.
            onPressed: (value) {
            ^^^^^^^^^
/C:/src/flutter/packages/flutter/lib/src/material/popup_menu.dart:1254:9: Context: Found this candidate, but the arguments don't match.
  const PopupMenuButton({
        ^^^^^^^^^^^^^^^
Target kernel_snapshot_program failed: Exception


FAILURE: Build failed with an exception.

* What went wrong:
Execution failed for task ':app:compileFlutterBuildDebug'.
> Process 'command 'C:\src\flutter\bin\flutter.bat'' finished with non-zero exit value 1

* Try:
> Run with --stacktrace option to get the stack trace.
> Run with --info or --debug option to get more log output.
> Run with --scan to get full insights.
> Get more help at https://help.gradle.org.

BUILD FAILED in 7s
Running Gradle task 'assembleDebug'...                              8.2s
Error: Gradle task assembleDebug failed with exit code 1
